This is pdfTeX, Version 3.14159265-2.6-1.40.16 (TeX Live 2015/Debian) (preloaded format=pdflatex 2018.1.26)  19 JUN 2018 21:28
entering extended mode
 restricted \write18 enabled.
 %&-line parsing enabled.
**report.tex
(./report.tex
LaTeX2e <2016/02/01>
Babel <3.9q> and hyphenation patterns for 3 language(s) loaded.
(/usr/share/texlive/texmf-dist/tex/latex/base/article.cls
Document Class: article 2014/09/29 v1.4h Standard LaTeX document class
(/usr/share/texlive/texmf-dist/tex/latex/base/size10.clo
File: size10.clo 2014/09/29 v1.4h Standard LaTeX file (size option)
)
\c@part=\count79
\c@section=\count80
\c@subsection=\count81
\c@subsubsection=\count82
\c@paragraph=\count83
\c@subparagraph=\count84
\c@figure=\count85
\c@table=\count86
\abovecaptionskip=\skip41
\belowcaptionskip=\skip42
\bibindent=\dimen102
)
(/usr/share/texlive/texmf-dist/tex/latex/graphics/graphicx.sty
Package: graphicx 2014/10/28 v1.0g Enhanced LaTeX Graphics (DPC,SPQR)

(/usr/share/texlive/texmf-dist/tex/latex/graphics/keyval.sty
Package: keyval 2014/10/28 v1.15 key=value parser (DPC)
\KV@toks@=\toks14
)
(/usr/share/texlive/texmf-dist/tex/latex/graphics/graphics.sty
Package: graphics 2016/01/03 v1.0q Standard LaTeX Graphics (DPC,SPQR)

(/usr/share/texlive/texmf-dist/tex/latex/graphics/trig.sty
Package: trig 2016/01/03 v1.10 sin cos tan (DPC)
)
(/usr/share/texlive/texmf-dist/tex/latex/latexconfig/graphics.cfg
File: graphics.cfg 2010/04/23 v1.9 graphics configuration of TeX Live
)
Package graphics Info: Driver file: pdftex.def on input line 95.

(/usr/share/texlive/texmf-dist/tex/latex/pdftex-def/pdftex.def
File: pdftex.def 2011/05/27 v0.06d Graphics/color for pdfTeX

(/usr/share/texlive/texmf-dist/tex/generic/oberdiek/infwarerr.sty
Package: infwarerr 2010/04/08 v1.3 Providing info/warning/error messages (HO)
)
(/usr/share/texlive/texmf-dist/tex/generic/oberdiek/ltxcmds.sty
Package: ltxcmds 2011/11/09 v1.22 LaTeX kernel commands for general use (HO)
)
\Gread@gobject=\count87
))
\Gin@req@height=\dimen103
\Gin@req@width=\dimen104
)
(./report.aux)
\openout1 = `report.aux'.

LaTeX Font Info:    Checking defaults for OML/cmm/m/it on input line 10.
LaTeX Font Info:    ... okay on input line 10.
LaTeX Font Info:    Checking defaults for T1/cmr/m/n on input line 10.
LaTeX Font Info:    ... okay on input line 10.
LaTeX Font Info:    Checking defaults for OT1/cmr/m/n on input line 10.
LaTeX Font Info:    ... okay on input line 10.
LaTeX Font Info:    Checking defaults for OMS/cmsy/m/n on input line 10.
LaTeX Font Info:    ... okay on input line 10.
LaTeX Font Info:    Checking defaults for OMX/cmex/m/n on input line 10.
LaTeX Font Info:    ... okay on input line 10.
LaTeX Font Info:    Checking defaults for U/cmr/m/n on input line 10.
LaTeX Font Info:    ... okay on input line 10.
 (/usr/share/texlive/texmf-dist/tex/context/base/supp-pdf.mkii
[Loading MPS to PDF converter (version 2006.09.02).]
\scratchcounter=\count88
\scratchdimen=\dimen105
\scratchbox=\box26
\nofMPsegments=\count89
\nofMParguments=\count90
\everyMPshowfont=\toks15
\MPscratchCnt=\count91
\MPscratchDim=\dimen106
\MPnumerator=\count92
\makeMPintoPDFobject=\count93
\everyMPtoPDFconversion=\toks16
) (/usr/share/texlive/texmf-dist/tex/generic/oberdiek/pdftexcmds.sty
Package: pdftexcmds 2011/11/29 v0.20 Utility functions of pdfTeX for LuaTeX (HO
)

(/usr/share/texlive/texmf-dist/tex/generic/oberdiek/ifluatex.sty
Package: ifluatex 2010/03/01 v1.3 Provides the ifluatex switch (HO)
Package ifluatex Info: LuaTeX not detected.
)
(/usr/share/texlive/texmf-dist/tex/generic/oberdiek/ifpdf.sty
Package: ifpdf 2011/01/30 v2.3 Provides the ifpdf switch (HO)
Package ifpdf Info: pdfTeX in PDF mode is detected.
)
Package pdftexcmds Info: LuaTeX not detected.
Package pdftexcmds Info: \pdf@primitive is available.
Package pdftexcmds Info: \pdf@ifprimitive is available.
Package pdftexcmds Info: \pdfdraftmode found.
)
(/usr/share/texlive/texmf-dist/tex/latex/oberdiek/epstopdf-base.sty
Package: epstopdf-base 2010/02/09 v2.5 Base part for package epstopdf

(/usr/share/texlive/texmf-dist/tex/latex/oberdiek/grfext.sty
Package: grfext 2010/08/19 v1.1 Manage graphics extensions (HO)

(/usr/share/texlive/texmf-dist/tex/generic/oberdiek/kvdefinekeys.sty
Package: kvdefinekeys 2011/04/07 v1.3 Define keys (HO)
))
(/usr/share/texlive/texmf-dist/tex/latex/oberdiek/kvoptions.sty
Package: kvoptions 2011/06/30 v3.11 Key value format for package options (HO)

(/usr/share/texlive/texmf-dist/tex/generic/oberdiek/kvsetkeys.sty
Package: kvsetkeys 2012/04/25 v1.16 Key value parser (HO)

(/usr/share/texlive/texmf-dist/tex/generic/oberdiek/etexcmds.sty
Package: etexcmds 2011/02/16 v1.5 Avoid name clashes with e-TeX commands (HO)
Package etexcmds Info: Could not find \expanded.
(etexcmds)             That can mean that you are not using pdfTeX 1.50 or
(etexcmds)             that some package has redefined \expanded.
(etexcmds)             In the latter case, load this package earlier.
)))
Package grfext Info: Graphics extension search list:
(grfext)             [.png,.pdf,.jpg,.mps,.jpeg,.jbig2,.jb2,.PNG,.PDF,.JPG,.JPE
G,.JBIG2,.JB2,.eps]
(grfext)             \AppendGraphicsExtensions on input line 452.

(/usr/share/texlive/texmf-dist/tex/latex/latexconfig/epstopdf-sys.cfg
File: epstopdf-sys.cfg 2010/07/13 v1.3 Configuration of (r)epstopdf for TeX Liv
e
))
LaTeX Font Info:    External font `cmex10' loaded for size
(Font)              <12> on input line 12.
LaTeX Font Info:    External font `cmex10' loaded for size
(Font)              <8> on input line 12.
LaTeX Font Info:    External font `cmex10' loaded for size
(Font)              <6> on input line 12.

Underfull \hbox (badness 10000) in paragraph at lines 22--25

 []

[1

{/var/lib/texmf/fonts/map/pdftex/updmap/pdftex.map}]
Overfull \hbox (3.97281pt too wide) in paragraph at lines 35--36
\OT1/cmr/m/n/10 Agri-cul-tural ve-hi-cle, Crane truck, Prime mover, Tanker, Bus
, Minibus. 
 []


Underfull \hbox (badness 10000) in paragraph at lines 46--47

 []

LaTeX Font Info:    External font `cmex10' loaded for size
(Font)              <7> on input line 47.
LaTeX Font Info:    External font `cmex10' loaded for size
(Font)              <5> on input line 47.

Overfull \hbox (9.04472pt too wide) in paragraph at lines 48--50
\OT1/cmr/m/n/10 Where $\OML/cmm/m/it/10 K$ \OT1/cmr/m/n/10 is the to-tal num-be
r of ob-jects from the class in the test data, $\OML/cmm/m/it/10 precision\OT1/
cmr/m/n/10 (\OML/cmm/m/it/10 k\OT1/cmr/m/n/10 )$
 []

[2

] <"images/im1".png, id=20, 1289.81876pt x 931.48pt>
File: "images/im1".png Graphic file (type png)
 <use "images/im1".png>
Package pdftex.def Info: "images/im1".png used on input line 60.
(pdftex.def)             Requested size: 345.0pt x 249.14355pt.

<"images/im2".png, id=22, 1143.27126pt x 931.48pt>
File: "images/im2".png Graphic file (type png)
 <use "images/im2".png>
Package pdftex.def Info: "images/im2".png used on input line 64.
(pdftex.def)             Requested size: 345.0pt x 281.08067pt.

<"images/im3".png, id=23, 1400.23125pt x 931.48pt>
File: "images/im3".png Graphic file (type png)
 <use "images/im3".png>
Package pdftex.def Info: "images/im3".png used on input line 68.
(pdftex.def)             Requested size: 345.0pt x 229.50089pt.


LaTeX Warning: `!h' float specifier changed to `!ht'.


LaTeX Warning: `!h' float specifier changed to `!ht'.

[3 <./images/im1.png>]

LaTeX Warning: Text page 4 contains only floats.

[4 <./images/im2.png> <./images/im3.png>]
<"charts/Dataset Coarse Grained Labels Distribution".png, id=33, 410.2828pt x 2
36.38312pt>
File: "charts/Dataset Coarse Grained Labels Distribution".png Graphic file (typ
e png)
 <use "charts/Dataset Coarse Grained Labels Distribution".png>
Package pdftex.def Info: "charts/Dataset Coarse Grained Labels Distribution".pn
g used on input line 77.
(pdftex.def)             Requested size: 241.49895pt x 139.1366pt.

<"charts/Dataset Subclass Labels Distribution".png, id=34, 455.45157pt x 255.95
625pt>
File: "charts/Dataset Subclass Labels Distribution".png Graphic file (type png)

 <use "charts/Dataset Subclass Labels Distribution".png>
Package pdftex.def Info: "charts/Dataset Subclass Labels Distribution".png used
 on input line 85.
(pdftex.def)             Requested size: 241.49895pt x 135.71864pt.

<"charts/Dataset Feature Labels Distribution".png, id=35, 455.45157pt x 255.956
25pt>
File: "charts/Dataset Feature Labels Distribution".png Graphic file (type png)
 <use "charts/Dataset Feature Labels Distribution".png>
Package pdftex.def Info: "charts/Dataset Feature Labels Distribution".png used 
on input line 92.
(pdftex.def)             Requested size: 241.49895pt x 135.71864pt.

<"charts/Dataset Color Labels Distribution".png, id=36, 455.45157pt x 255.95625
pt>
File: "charts/Dataset Color Labels Distribution".png Graphic file (type png)
 <use "charts/Dataset Color Labels Distribution".png>
Package pdftex.def Info: "charts/Dataset Color Labels Distribution".png used on
 input line 99.
(pdftex.def)             Requested size: 241.49895pt x 135.71864pt.

Underfull \hbox (badness 10000) in paragraph at lines 73--105

 []


LaTeX Warning: `!h' float specifier changed to `!ht'.


LaTeX Warning: `!h' float specifier changed to `!ht'.


<"charts/Dataset Objects Size Distribution".png, id=37, 455.45157pt x 304.13625
pt>
File: "charts/Dataset Objects Size Distribution".png Graphic file (type png)
 <use "charts/Dataset Objects Size Distribution".png>
Package pdftex.def Info: "charts/Dataset Objects Size Distribution".png used on
 input line 109.
(pdftex.def)             Requested size: 241.49895pt x 161.26569pt.
 [5

 <./charts/Dataset Coarse Grained Labels Distribution.png (PNG copy)> <./charts
/Dataset Subclass Labels Distribution.png (PNG copy)>]

LaTeX Warning: `!h' float specifier changed to `!ht'.

[6 <./charts/Dataset Feature Labels Distribution.png (PNG copy)> <./charts/Data
set Color Labels Distribution.png (PNG copy)>]
Underfull \hbox (badness 10000) in paragraph at lines 127--151

 []


Underfull \hbox (badness 10000) in paragraph at lines 127--151

 []


Underfull \hbox (badness 10000) in paragraph at lines 127--151

 []


Underfull \hbox (badness 10000) in paragraph at lines 127--151

 []


Underfull \hbox (badness 10000) in paragraph at lines 127--151

 []

[7 <./charts/Dataset Objects Size Distribution.png (PNG copy)>] [8]
Underfull \hbox (badness 10000) in paragraph at lines 153--160

 []


Underfull \hbox (badness 10000) in paragraph at lines 153--160

 []


Underfull \hbox (badness 10000) in paragraph at lines 162--169

 []

[9] [10] [11] [12]
Underfull \hbox (badness 7397) in paragraph at lines 275--279
[]\OT1/cmr/m/n/10 S. Ren, K. He, R. B. Gir-shick, and J. Sun. pro-posal net-
 []


Underfull \hbox (badness 1158) in paragraph at lines 275--279
\OT1/cmr/m/n/10 works. \OT1/cmr/m/it/10 Faster R-CNN: to-wards real-time ob-jec
t de-tec-tion with re-gion\OT1/cmr/m/n/10 .
 []

[13] (./report.aux) ) 
Here is how much of TeX's memory you used:
 1550 strings out of 494953
 23080 string characters out of 6180977
 79837 words of memory out of 5000000
 4832 multiletter control sequences out of 15000+600000
 8708 words of font info for 31 fonts, out of 8000000 for 9000
 14 hyphenation exceptions out of 8191
 37i,6n,23p,922b,225s stack positions out of 5000i,500n,10000p,200000b,80000s
</usr/share/texlive/texmf-dist/fonts/type1/public/amsfonts
/cm/cmbx12.pfb></usr/share/texlive/texmf-dist/fonts/type1/public/amsfonts/cm/cm
bx9.pfb></usr/share/texlive/texmf-dist/fonts/type1/public/amsfonts/cm/cmex10.pf
b></usr/share/texlive/texmf-dist/fonts/type1/public/amsfonts/cm/cmmi10.pfb></us
r/share/texlive/texmf-dist/fonts/type1/public/amsfonts/cm/cmmi5.pfb></usr/share
/texlive/texmf-dist/fonts/type1/public/amsfonts/cm/cmmi7.pfb></usr/share/texliv
e/texmf-dist/fonts/type1/public/amsfonts/cm/cmr10.pfb></usr/share/texlive/texmf
-dist/fonts/type1/public/amsfonts/cm/cmr12.pfb></usr/share/texlive/texmf-dist/f
onts/type1/public/amsfonts/cm/cmr17.pfb></usr/share/texlive/texmf-dist/fonts/ty
pe1/public/amsfonts/cm/cmr7.pfb></usr/share/texlive/texmf-dist/fonts/type1/publ
ic/amsfonts/cm/cmr9.pfb></usr/share/texlive/texmf-dist/fonts/type1/public/amsfo
nts/cm/cmsy10.pfb></usr/share/texlive/texmf-dist/fonts/type1/public/amsfonts/cm
/cmti10.pfb></usr/share/texlive/texmf-dist/fonts/type1/public/amsfonts/cm/cmtt1
0.pfb>
Output written on report.pdf (13 pages, 8881515 bytes).
PDF statistics:
 115 PDF objects out of 1000 (max. 8388607)
 74 compressed objects within 1 object stream
 0 named destinations out of 1000 (max. 500000)
 41 words of extra memory for PDF output out of 10000 (max. 10000000)

